/*C11*/SET SCHEMA PUBLIC
INSERT INTO TRANSACAO_TB VALUES(1,'2018-12-04','deposito',134.67E0,4)
DELETE FROM CONTA_TB WHERE NUMERO=4
INSERT INTO CONTA_TB VALUES(4,8756,0,134.67E0,4)
COMMIT
INSERT INTO TRANSACAO_TB VALUES(2,'2018-12-04','debito',50.0E0,4)
DELETE FROM CONTA_TB WHERE NUMERO=4
INSERT INTO CONTA_TB VALUES(4,8756,0,84.66999999999999E0,4)
COMMIT
INSERT INTO TRANSACAO_TB VALUES(3,'2018-12-04','debito',23.0E0,4)
DELETE FROM CONTA_TB WHERE NUMERO=4
INSERT INTO CONTA_TB VALUES(4,8756,0,61.66999999999999E0,4)
COMMIT
INSERT INTO TRANSACAO_TB VALUES(4,'2018-12-04','deposito',134.67E0,4)
DELETE FROM CONTA_TB WHERE NUMERO=4
INSERT INTO CONTA_TB VALUES(4,8756,0,196.33999999999997E0,4)
COMMIT
INSERT INTO TRANSACAO_TB VALUES(5,'2018-12-04','debito',23.5E0,4)
DELETE FROM CONTA_TB WHERE NUMERO=4
INSERT INTO CONTA_TB VALUES(4,8756,0,172.83999999999997E0,4)
COMMIT
